<?xml version="1.0" encoding="UTF-8"?>
<!-- Generated by org.testng.reporters.JUnitXMLReporter -->
<testsuite ignored="0" hostname="DESKTOP-HQHQSJC" failures="1" tests="3" name="Default test" time="16.894" errors="0" timestamp="2024-01-30T20:48:54 IST">
  <testcase classname="io.cucumber.testng.AbstractTestNGCucumberTests" name="runScenario" time="0.166"/>
  <testcase classname="io.cucumber.testng.AbstractTestNGCucumberTests" name="runScenario" time="0.026">
    <failure type="io.cucumber.datatable.CucumberDataTableException" message="Can&amp;apos;t convert DataTable to Map&amp;lt;java.lang.String, java.lang.String&amp;gt;.
There is more then one value per key. Did you mean to transform to Map&amp;lt;java.lang.String, List&amp;lt;java.lang.String&amp;gt;&amp;gt; instead?">
      <![CDATA[io.cucumber.datatable.CucumberDataTableException: Can't convert DataTable to Map<java.lang.String, java.lang.String>.
There is more then one value per key. Did you mean to transform to Map<java.lang.String, List<java.lang.String>> instead?
at io.cucumber.datatable.CucumberDataTableException.cantConvertToMap(CucumberDataTableException.java:27)
at io.cucumber.datatable.CucumberDataTableException.keyValueMismatchException(CucumberDataTableException.java:47)
at io.cucumber.datatable.DataTableTypeRegistryTableConverter.toMap(DataTableTypeRegistryTableConverter.java:282)
at io.cucumber.datatable.DataTable.asMap(DataTable.java:278)
at io.cucumber.datatable.DataTable.asMap(DataTable.java:259)
at com.jarvis.stepdefinations.Parameterization.acceptRTOCodes(Parameterization.java:46)
at ✽.I have <RTO_Codes> and <State_Name>(file:///C:/Users/yogesh/eclipse-workspace/jarvis/src/test/resources/Features/Parameterization.feature:10)
]]>
    </failure>
  </testcase> <!-- runScenario -->
  <testcase classname="io.cucumber.testng.AbstractTestNGCucumberTests" name="runScenario" time="16.251"/>
</testsuite> <!-- Default test -->
