<?xml version="1.0" encoding="UTF-8"?>
<!-- Generated by org.testng.reporters.JUnitReportReporter -->
<testsuite hostname="DESKTOP-HQHQSJC" failures="0" tests="3" name="jarvis.TestRunner" time="16.443" errors="1" timestamp="2024-01-30T20:48:55 IST" skipped="0">
  <testcase classname="jarvis.TestRunner" name="runScenario" time="0.026">
    <error message="Can&#039;t convert DataTable to Map&lt;java.lang.String, java.lang.String&gt;.
There is more then one value per key. Did you mean to transform to Map&lt;java.lang.String, List&lt;java.lang.String&gt;&gt; instead?" type="io.cucumber.datatable.CucumberDataTableException">
      <![CDATA[io.cucumber.datatable.CucumberDataTableException: Can't convert DataTable to Map<java.lang.String, java.lang.String>.
There is more then one value per key. Did you mean to transform to Map<java.lang.String, List<java.lang.String>> instead?
at io.cucumber.datatable.CucumberDataTableException.cantConvertToMap(CucumberDataTableException.java:27)
at io.cucumber.datatable.CucumberDataTableException.keyValueMismatchException(CucumberDataTableException.java:47)
at io.cucumber.datatable.DataTableTypeRegistryTableConverter.toMap(DataTableTypeRegistryTableConverter.java:282)
at io.cucumber.datatable.DataTable.asMap(DataTable.java:278)
at io.cucumber.datatable.DataTable.asMap(DataTable.java:259)
at com.jarvis.stepdefinations.Parameterization.acceptRTOCodes(Parameterization.java:46)
at ✽.I have <RTO_Codes> and <State_Name>(file:///C:/Users/yogesh/eclipse-workspace/jarvis/src/test/resources/Features/Parameterization.feature:10)
]]>
    </error>
  </testcase> <!-- runScenario -->
  <system-out/>
  <testcase classname="jarvis.TestRunner" name="runScenario" time="0.166"/>
  <system-out/>
  <testcase classname="jarvis.TestRunner" name="runScenario" time="16.251"/>
  <system-out/>
</testsuite> <!-- jarvis.TestRunner -->
